Conda uses environments to load different sets of Python packages
type conda env list to see the environments availible.
2020-03-10 11:49:28 WARN  NativeCodeLoader:62 - Unable to load native-hadoop library for your platform... using builtin-java classes where applicable
2020-03-10 11:49:36 INFO  SparkContext:54 - Running Spark version 2.3.2
2020-03-10 11:49:36 INFO  SparkContext:54 - Submitted application: Q1
2020-03-10 11:49:36 INFO  SecurityManager:54 - Changing view acls to: acp18rkh
2020-03-10 11:49:36 INFO  SecurityManager:54 - Changing modify acls to: acp18rkh
2020-03-10 11:49:36 INFO  SecurityManager:54 - Changing view acls groups to: 
2020-03-10 11:49:36 INFO  SecurityManager:54 - Changing modify acls groups to: 
2020-03-10 11:49:36 INFO  SecurityManager:54 - SecurityManager: authentication disabled; ui acls disabled; users  with view permissions: Set(acp18rkh); groups with view permissions: Set(); users  with modify permissions: Set(acp18rkh); groups with modify permissions: Set()
2020-03-10 11:49:36 INFO  Utils:54 - Successfully started service 'sparkDriver' on port 43216.
2020-03-10 11:49:36 INFO  SparkEnv:54 - Registering MapOutputTracker
2020-03-10 11:49:36 INFO  SparkEnv:54 - Registering BlockManagerMaster
2020-03-10 11:49:36 INFO  BlockManagerMasterEndpoint:54 - Using org.apache.spark.storage.DefaultTopologyMapper for getting topology information
2020-03-10 11:49:36 INFO  BlockManagerMasterEndpoint:54 - BlockManagerMasterEndpoint up
2020-03-10 11:49:36 INFO  DiskBlockManager:54 - Created local directory at /tmp/blockmgr-02f45217-9589-4ced-a148-be0004d5f472
2020-03-10 11:49:36 INFO  MemoryStore:54 - MemoryStore started with capacity 366.3 MB
2020-03-10 11:49:36 INFO  SparkEnv:54 - Registering OutputCommitCoordinator
2020-03-10 11:49:37 INFO  log:192 - Logging initialized @11531ms
2020-03-10 11:49:37 INFO  Server:351 - jetty-9.3.z-SNAPSHOT, build timestamp: unknown, git hash: unknown
2020-03-10 11:49:37 INFO  Server:419 - Started @11668ms
2020-03-10 11:49:37 INFO  AbstractConnector:278 - Started ServerConnector@5892d467{HTTP/1.1,[http/1.1]}{0.0.0.0:4040}
2020-03-10 11:49:37 INFO  Utils:54 - Successfully started service 'SparkUI' on port 4040.
2020-03-10 11:49:37 INFO  ContextHandler:781 - Started o.s.j.s.ServletContextHandler@3c3e9f88{/jobs,null,AVAILABLE,@Spark}
2020-03-10 11:49:37 INFO  ContextHandler:781 - Started o.s.j.s.ServletContextHandler@59f985e{/jobs/json,null,AVAILABLE,@Spark}
2020-03-10 11:49:37 INFO  ContextHandler:781 - Started o.s.j.s.ServletContextHandler@7307b95f{/jobs/job,null,AVAILABLE,@Spark}
2020-03-10 11:49:37 INFO  ContextHandler:781 - Started o.s.j.s.ServletContextHandler@3b339ad3{/jobs/job/json,null,AVAILABLE,@Spark}
2020-03-10 11:49:37 INFO  ContextHandler:781 - Started o.s.j.s.ServletContextHandler@4297b883{/stages,null,AVAILABLE,@Spark}
2020-03-10 11:49:37 INFO  ContextHandler:781 - Started o.s.j.s.ServletContextHandler@c943ccf{/stages/json,null,AVAILABLE,@Spark}
2020-03-10 11:49:37 INFO  ContextHandler:781 - Started o.s.j.s.ServletContextHandler@7f7fded9{/stages/stage,null,AVAILABLE,@Spark}
2020-03-10 11:49:37 INFO  ContextHandler:781 - Started o.s.j.s.ServletContextHandler@a4efcba{/stages/stage/json,null,AVAILABLE,@Spark}
2020-03-10 11:49:37 INFO  ContextHandler:781 - Started o.s.j.s.ServletContextHandler@bc6623c{/stages/pool,null,AVAILABLE,@Spark}
2020-03-10 11:49:37 INFO  ContextHandler:781 - Started o.s.j.s.ServletContextHandler@3a7df7bd{/stages/pool/json,null,AVAILABLE,@Spark}
2020-03-10 11:49:37 INFO  ContextHandler:781 - Started o.s.j.s.ServletContextHandler@13b3c177{/storage,null,AVAILABLE,@Spark}
2020-03-10 11:49:37 INFO  ContextHandler:781 - Started o.s.j.s.ServletContextHandler@6e655497{/storage/json,null,AVAILABLE,@Spark}
2020-03-10 11:49:37 INFO  ContextHandler:781 - Started o.s.j.s.ServletContextHandler@568a1ce5{/storage/rdd,null,AVAILABLE,@Spark}
2020-03-10 11:49:37 INFO  ContextHandler:781 - Started o.s.j.s.ServletContextHandler@39fd996{/storage/rdd/json,null,AVAILABLE,@Spark}
2020-03-10 11:49:37 INFO  ContextHandler:781 - Started o.s.j.s.ServletContextHandler@e2a18eb{/environment,null,AVAILABLE,@Spark}
2020-03-10 11:49:37 INFO  ContextHandler:781 - Started o.s.j.s.ServletContextHandler@4a2f3455{/environment/json,null,AVAILABLE,@Spark}
2020-03-10 11:49:37 INFO  ContextHandler:781 - Started o.s.j.s.ServletContextHandler@4cc474c1{/executors,null,AVAILABLE,@Spark}
2020-03-10 11:49:37 INFO  ContextHandler:781 - Started o.s.j.s.ServletContextHandler@316a47a6{/executors/json,null,AVAILABLE,@Spark}
2020-03-10 11:49:37 INFO  ContextHandler:781 - Started o.s.j.s.ServletContextHandler@6fd9fc20{/executors/threadDump,null,AVAILABLE,@Spark}
2020-03-10 11:49:37 INFO  ContextHandler:781 - Started o.s.j.s.ServletContextHandler@5ce7f012{/executors/threadDump/json,null,AVAILABLE,@Spark}
2020-03-10 11:49:37 INFO  ContextHandler:781 - Started o.s.j.s.ServletContextHandler@33eae533{/static,null,AVAILABLE,@Spark}
2020-03-10 11:49:37 INFO  ContextHandler:781 - Started o.s.j.s.ServletContextHandler@7516e1be{/,null,AVAILABLE,@Spark}
2020-03-10 11:49:37 INFO  ContextHandler:781 - Started o.s.j.s.ServletContextHandler@76a1ad93{/api,null,AVAILABLE,@Spark}
2020-03-10 11:49:37 INFO  ContextHandler:781 - Started o.s.j.s.ServletContextHandler@3fe480de{/jobs/job/kill,null,AVAILABLE,@Spark}
2020-03-10 11:49:37 INFO  ContextHandler:781 - Started o.s.j.s.ServletContextHandler@351603aa{/stages/stage/kill,null,AVAILABLE,@Spark}
2020-03-10 11:49:37 INFO  SparkUI:54 - Bound SparkUI to 0.0.0.0, and started at http://sharc-node032.shef.ac.uk:4040
2020-03-10 11:49:37 INFO  SparkContext:54 - Added file file:/home/acp18rkh/ScalableML-master/ScalableML-master/Code/Q1_Code.py at file:/home/acp18rkh/ScalableML-master/ScalableML-master/Code/Q1_Code.py with timestamp 1583840977967
2020-03-10 11:49:37 INFO  Utils:54 - Copying /home/acp18rkh/ScalableML-master/ScalableML-master/Code/Q1_Code.py to /tmp/spark-19e1002c-981f-440e-82da-4be5cee851d0/userFiles-d3d02881-b18a-4e5d-b93f-3a255ef73f8d/Q1_Code.py
2020-03-10 11:49:38 INFO  Executor:54 - Starting executor ID driver on host localhost
2020-03-10 11:49:38 INFO  Utils:54 - Successfully started service 'org.apache.spark.network.netty.NettyBlockTransferService' on port 44161.
2020-03-10 11:49:38 INFO  NettyBlockTransferService:54 - Server created on sharc-node032.shef.ac.uk:44161
2020-03-10 11:49:38 INFO  BlockManager:54 - Using org.apache.spark.storage.RandomBlockReplicationPolicy for block replication policy
2020-03-10 11:49:38 INFO  BlockManagerMaster:54 - Registering BlockManager BlockManagerId(driver, sharc-node032.shef.ac.uk, 44161, None)
2020-03-10 11:49:38 INFO  BlockManagerMasterEndpoint:54 - Registering block manager sharc-node032.shef.ac.uk:44161 with 366.3 MB RAM, BlockManagerId(driver, sharc-node032.shef.ac.uk, 44161, None)
2020-03-10 11:49:38 INFO  BlockManagerMaster:54 - Registered BlockManager BlockManagerId(driver, sharc-node032.shef.ac.uk, 44161, None)
2020-03-10 11:49:38 INFO  BlockManager:54 - Initialized BlockManager: BlockManagerId(driver, sharc-node032.shef.ac.uk, 44161, None)
2020-03-10 11:49:38 INFO  ContextHandler:781 - Started o.s.j.s.ServletContextHandler@5b828e4{/metrics/json,null,AVAILABLE,@Spark}
2020-03-10 11:49:38 INFO  SharedState:54 - Setting hive.metastore.warehouse.dir ('null') to the value of spark.sql.warehouse.dir ('file:/home/acp18rkh/ScalableML-master/ScalableML-master/spark-warehouse/').
2020-03-10 11:49:38 INFO  SharedState:54 - Warehouse path is 'file:/home/acp18rkh/ScalableML-master/ScalableML-master/spark-warehouse/'.
2020-03-10 11:49:38 INFO  ContextHandler:781 - Started o.s.j.s.ServletContextHandler@5140d366{/SQL,null,AVAILABLE,@Spark}
2020-03-10 11:49:38 INFO  ContextHandler:781 - Started o.s.j.s.ServletContextHandler@a646475{/SQL/json,null,AVAILABLE,@Spark}
2020-03-10 11:49:38 INFO  ContextHandler:781 - Started o.s.j.s.ServletContextHandler@4bfbaf47{/SQL/execution,null,AVAILABLE,@Spark}
2020-03-10 11:49:38 INFO  ContextHandler:781 - Started o.s.j.s.ServletContextHandler@2d4cb734{/SQL/execution/json,null,AVAILABLE,@Spark}
2020-03-10 11:49:38 INFO  ContextHandler:781 - Started o.s.j.s.ServletContextHandler@77cd3632{/static/sql,null,AVAILABLE,@Spark}
2020-03-10 11:49:39 INFO  StateStoreCoordinatorRef:54 - Registered StateStoreCoordinator endpoint
Question 1A and 1B:
{'00:00:00-03:59:59': 64407.4, '04:00:00-07:59:59': 84317.4, '08:00:00-11:59:59;': 61735.4, '12:00:00-15:59:59': 59339.4, '16:00:00-19:59:59': 56608.25, '20:00:00-23:59:59': 72290.5}
Question 1C and 1D:
+-------------------+------+
|path               |_count|
+-------------------+------+
|ksc.html           |40081 |
|missions.html      |24881 |
|images.html        |24505 |
|liftoff.html       |21987 |
|mission-sts-71.html|16717 |
|mission-sts-70.html|16116 |
|apollo.html        |14500 |
|apollo-13.html     |14339 |
|movies.html        |12529 |
|history.html       |11859 |
|countdown.html     |8566  |
|stsref-toc.html    |7510  |
|winvn.html         |6994  |
|mission-sts-69.html|6973  |
|apollo-13-info.html|5791  |
|lc39a.html         |5258  |
|apollo-11.html     |5002  |
|tour.html          |4318  |
|fr.html            |4212  |
|atlantis.html      |3637  |
+-------------------+------+
only showing top 20 rows

.html file names:
['ksc.html', 'missions.html', 'images.html', 'liftoff.html', 'mission-sts-71.html', 'mission-sts-70.html', 'apollo.html', 'apollo-13.html', 'movies.html', 'history.html', 'countdown.html', 'stsref-toc.html', 'winvn.html', 'mission-sts-69.html', 'apollo-13-info.html', 'lc39a.html', 'apollo-11.html', 'tour.html', 'fr.html', 'atlantis.html']
Number of requests made:
[40081, 24881, 24505, 21987, 16717, 16116, 14500, 14339, 12529, 11859, 8566, 7510, 6994, 6973, 5791, 5258, 5002, 4318, 4212, 3637]
